<?xml version="1.0" encoding="UTF-8"?>
<!-- Generated by org.testng.reporters.JUnitXMLReporter -->
<testsuite hostname="EP-CP-102" name="Default test" tests="13" failures="0" timestamp="17 Aug 2017 10:09:00 GMT" time="88.324" errors="0">
  <testcase name="@AfterClass suiteTearDown" time="0.0" classname="healthProduct.HealthProductJourneyWithExcel">
    <failure type="java.lang.RuntimeException" message="javax.mail.SendFailedException: Sending failed;
  nested exception is:
	class javax.mail.MessagingException: IOException while sending message;
  nested exception is:
	java.io.FileNotFoundException: C:\Users\Vijay Kumar\git\product\Product-Journey\test-outputHealthExtentReport.html (The system cannot find the file specified)">
      <![CDATA[java.lang.RuntimeException: javax.mail.SendFailedException: Sending failed;
  nested exception is:
	class javax.mail.MessagingException: IOException while sending message;
  nested exception is:
	java.io.FileNotFoundException: C:\Users\Vijay Kumar\git\product\Product-Journey\test-outputHealthExtentReport.html (The system cannot find the file specified)
	at healthProduct.SendMailSSL.execute(SendMailSSL.java:70)
	at healthProduct.HealthProductJourneyWithExcel.suiteTearDown(HealthProductJourneyWithExcel.java:389)
	at sun.reflect.NativeMethodAccessorImpl.invoke0(Native Method)
	at sun.reflect.NativeMethodAccessorImpl.invoke(Unknown Source)
	at sun.reflect.DelegatingMethodAccessorImpl.invoke(Unknown Source)
	at java.lang.reflect.Method.invoke(Unknown Source)
	at org.testng.internal.MethodInvocationHelper.invokeMethod(MethodInvocationHelper.java:85)
	at org.testng.internal.Invoker.invokeConfigurationMethod(Invoker.java:510)
	at org.testng.internal.Invoker.invokeConfigurations(Invoker.java:211)
	at org.testng.internal.Invoker.invokeConfigurations(Invoker.java:138)
	at org.testng.internal.TestMethodWorker.invokeAfterClassMethods(TestMethodWorker.java:220)
	at org.testng.internal.TestMethodWorker.run(TestMethodWorker.java:111)
	at org.testng.TestRunner.privateRun(TestRunner.java:774)
	at org.testng.TestRunner.run(TestRunner.java:624)
	at org.testng.SuiteRunner.runTest(SuiteRunner.java:359)
	at org.testng.SuiteRunner.runSequentially(SuiteRunner.java:354)
	at org.testng.SuiteRunner.privateRun(SuiteRunner.java:312)
	at org.testng.SuiteRunner.run(SuiteRunner.java:261)
	at org.testng.SuiteRunnerWorker.runSuite(SuiteRunnerWorker.java:52)
	at org.testng.SuiteRunnerWorker.run(SuiteRunnerWorker.java:86)
	at org.testng.TestNG.runSuitesSequentially(TestNG.java:1215)
	at org.testng.TestNG.runSuitesLocally(TestNG.java:1140)
	at org.testng.TestNG.run(TestNG.java:1048)
	at org.testng.remote.AbstractRemoteTestNG.run(AbstractRemoteTestNG.java:132)
	at org.testng.remote.RemoteTestNG.initAndRun(RemoteTestNG.java:230)
	at org.testng.remote.RemoteTestNG.main(RemoteTestNG.java:76)
Caused by: javax.mail.SendFailedException: Sending failed;
  nested exception is:
	class javax.mail.MessagingException: IOException while sending message;
  nested exception is:
	java.io.FileNotFoundException: C:\Users\Vijay Kumar\git\product\Product-Journey\test-outputHealthExtentReport.html (The system cannot find the file specified)
	at javax.mail.Transport.send0(Transport.java:218)
	at javax.mail.Transport.send(Transport.java:80)
	at healthProduct.SendMailSSL.execute(SendMailSSL.java:67)
	... 25 more
]]>
    </failure>
  </testcase> <!-- @AfterClass suiteTearDown -->
  <testcase name="LaunchWebsite" time="7.747" classname="healthProduct.HealthProductJourneyWithExcel"/>
  <testcase name="FillLoginDetails" time="1.653" classname="healthProduct.HealthProductJourneyWithExcel"/>
  <testcase name="Adult" time="4.843" classname="healthProduct.HealthProductJourneyWithExcel"/>
  <testcase name="Child" time="1.147" classname="healthProduct.HealthProductJourneyWithExcel"/>
  <testcase name="DOB" time="3.397" classname="healthProduct.HealthProductJourneyWithExcel"/>
  <testcase name="EldestMember" time="1.117" classname="healthProduct.HealthProductJourneyWithExcel"/>
  <testcase name="City" time="1.576" classname="healthProduct.HealthProductJourneyWithExcel"/>
  <testcase name="GetLiveQuotes" time="5.266" classname="healthProduct.HealthProductJourneyWithExcel"/>
  <testcase name="CustomerPopup" time="13.053" classname="healthProduct.HealthProductJourneyWithExcel"/>
  <testcase name="CustomerEmail" time="5.027" classname="healthProduct.HealthProductJourneyWithExcel"/>
  <testcase name="CustomerMobno" time="5.132" classname="healthProduct.HealthProductJourneyWithExcel"/>
  <testcase name="CustomerProceed" time="5.105" classname="healthProduct.HealthProductJourneyWithExcel"/>
  <testcase name="QuotesBuyNow" time="20.066" classname="healthProduct.HealthProductJourneyWithExcel"/>
</testsuite> <!-- Default test -->
