<?xml version="1.0" encoding="UTF-8"?>
<!-- Generated by org.testng.reporters.JUnitReportReporter -->
<testsuite hostname="EP-CP-102" name="healthProduct.HealthProductJourneyWithExcel" tests="13" failures="0" timestamp="19 Jul 2017 06:28:35 GMT" time="72.160" errors="1">
  <testcase name="City" time="1.826" classname="healthProduct.HealthProductJourneyWithExcel"/>
  <testcase name="FillLoginDetails" time="2.755" classname="healthProduct.HealthProductJourneyWithExcel"/>
  <testcase name="CustomerPopup" time="13.216" classname="healthProduct.HealthProductJourneyWithExcel"/>
  <testcase name="Adult" time="1.191" classname="healthProduct.HealthProductJourneyWithExcel"/>
  <testcase name="CustomerEmail" time="5.131" classname="healthProduct.HealthProductJourneyWithExcel"/>
  <testcase name="GetLiveQuotes" time="15.492" classname="healthProduct.HealthProductJourneyWithExcel"/>
  <testcase name="QuotesBuyNow" time="10.299" classname="healthProduct.HealthProductJourneyWithExcel">
    <error type="org.openqa.selenium.WebDriverException" message="Element is not clickable at point (1194.566650390625, 354.95001220703125). Other element would receive the click: &lt;section aria-hidden=&quot;false&quot; class=&quot;mainpop mpop1 overflow-popup wow ng-scope&quot; ng-show=&quot;$parent.showleadpopup&quot; ng-class=&quot;showleadpopupAnimation&quot; data-wow-duration=&quot;0.6s&quot;&gt;&lt;/section&gt;
Command duration or timeout: 66 milliseconds
Build info: version: &#039;2.53.1&#039;, revision: &#039;a36b8b1&#039;, time: &#039;2016-06-30 17:37:03&#039;
System info: host: &#039;EP-CP-102&#039;, ip: &#039;192.168.3.157&#039;, os.name: &#039;Windows 7&#039;, os.arch: &#039;amd64&#039;, os.version: &#039;6.1&#039;, java.version: &#039;1.8.0_65&#039;
Driver info: org.openqa.selenium.firefox.FirefoxDriver
Capabilities [{applicationCacheEnabled=true, rotatable=false, handlesAlerts=true, databaseEnabled=true, version=47.0.1, platform=WINDOWS, nativeEvents=false, acceptSslCerts=true, webStorageEnabled=true, locationContextEnabled=true, browserName=firefox, takesScreenshot=true, javascriptEnabled=true, cssSelectorsEnabled=true}]
Session ID: 7daddff0-c067-4f2f-baec-3ed889bdb414">
      <![CDATA[org.openqa.selenium.WebDriverException: Element is not clickable at point (1194.566650390625, 354.95001220703125). Other element would receive the click: <section aria-hidden="false" class="mainpop mpop1 overflow-popup wow ng-scope" ng-show="$parent.showleadpopup" ng-class="showleadpopupAnimation" data-wow-duration="0.6s"></section>
Command duration or timeout: 66 milliseconds
Build info: version: '2.53.1', revision: 'a36b8b1', time: '2016-06-30 17:37:03'
System info: host: 'EP-CP-102', ip: '192.168.3.157', os.name: 'Windows 7', os.arch: 'amd64', os.version: '6.1', java.version: '1.8.0_65'
Driver info: org.openqa.selenium.firefox.FirefoxDriver
Capabilities [{applicationCacheEnabled=true, rotatable=false, handlesAlerts=true, databaseEnabled=true, version=47.0.1, platform=WINDOWS, nativeEvents=false, acceptSslCerts=true, webStorageEnabled=true, locationContextEnabled=true, browserName=firefox, takesScreenshot=true, javascriptEnabled=true, cssSelectorsEnabled=true}]
Session ID: 7daddff0-c067-4f2f-baec-3ed889bdb414
	at sun.reflect.NativeConstructorAccessorImpl.newInstance0(Native Method)
	at sun.reflect.NativeConstructorAccessorImpl.newInstance(Unknown Source)
	at sun.reflect.DelegatingConstructorAccessorImpl.newInstance(Unknown Source)
	at java.lang.reflect.Constructor.newInstance(Unknown Source)
	at org.openqa.selenium.remote.ErrorHandler.createThrowable(ErrorHandler.java:206)
	at org.openqa.selenium.remote.ErrorHandler.throwIfResponseFailed(ErrorHandler.java:158)
	at org.openqa.selenium.remote.RemoteWebDriver.execute(RemoteWebDriver.java:678)
	at org.openqa.selenium.remote.RemoteWebElement.execute(RemoteWebElement.java:327)
	at org.openqa.selenium.remote.RemoteWebElement.click(RemoteWebElement.java:85)
	at healthProduct.HealthProductJourneyWithExcel.QuotesBuyNow(HealthProductJourneyWithExcel.java:293)
	at sun.reflect.NativeMethodAccessorImpl.invoke0(Native Method)
	at sun.reflect.NativeMethodAccessorImpl.invoke(Unknown Source)
	at sun.reflect.DelegatingMethodAccessorImpl.invoke(Unknown Source)
	at java.lang.reflect.Method.invoke(Unknown Source)
	at org.testng.internal.MethodInvocationHelper.invokeMethod(MethodInvocationHelper.java:85)
	at org.testng.internal.Invoker.invokeMethod(Invoker.java:639)
	at org.testng.internal.Invoker.invokeTestMethod(Invoker.java:816)
	at org.testng.internal.Invoker.invokeTestMethods(Invoker.java:1124)
	at org.testng.internal.TestMethodWorker.invokeTestMethods(TestMethodWorker.java:125)
	at org.testng.internal.TestMethodWorker.run(TestMethodWorker.java:108)
	at org.testng.TestRunner.privateRun(TestRunner.java:774)
	at org.testng.TestRunner.run(TestRunner.java:624)
	at org.testng.SuiteRunner.runTest(SuiteRunner.java:359)
	at org.testng.SuiteRunner.runSequentially(SuiteRunner.java:354)
	at org.testng.SuiteRunner.privateRun(SuiteRunner.java:312)
	at org.testng.SuiteRunner.run(SuiteRunner.java:261)
	at org.testng.SuiteRunnerWorker.runSuite(SuiteRunnerWorker.java:52)
	at org.testng.SuiteRunnerWorker.run(SuiteRunnerWorker.java:86)
	at org.testng.TestNG.runSuitesSequentially(TestNG.java:1215)
	at org.testng.TestNG.runSuitesLocally(TestNG.java:1140)
	at org.testng.TestNG.run(TestNG.java:1048)
	at org.testng.remote.AbstractRemoteTestNG.run(AbstractRemoteTestNG.java:126)
	at org.testng.remote.RemoteTestNG.initAndRun(RemoteTestNG.java:152)
	at org.testng.remote.RemoteTestNG.main(RemoteTestNG.java:57)
]]>
    </error>
  </testcase> <!-- QuotesBuyNow -->
  <testcase name="LaunchWebsite" time="6.175" classname="healthProduct.HealthProductJourneyWithExcel"/>
  <testcase name="EldestMember" time="1.105" classname="healthProduct.HealthProductJourneyWithExcel"/>
  <testcase name="DOB" time="3.413" classname="healthProduct.HealthProductJourneyWithExcel"/>
  <testcase name="CustomerProceed" time="5.088" classname="healthProduct.HealthProductJourneyWithExcel"/>
  <testcase name="CustomerMobno" time="5.348" classname="healthProduct.HealthProductJourneyWithExcel"/>
  <testcase name="Child" time="1.121" classname="healthProduct.HealthProductJourneyWithExcel"/>
</testsuite> <!-- healthProduct.HealthProductJourneyWithExcel -->
