<?xml version="1.0" encoding="UTF-8"?>
<!-- Generated by org.testng.reporters.JUnitReportReporter -->
<testsuite hostname="EP-CP-102" name="bikeProduct.TwowheelerProductJourney" tests="14" failures="1" timestamp="30 Jun 2017 10:35:59 GMT" time="138.419" errors="0">
  <testcase name="CustomerPopup" time="8.378" classname="bikeProduct.TwowheelerProductJourney"/>
  <testcase name="clickBikeProduct" time="6.306" classname="bikeProduct.TwowheelerProductJourney"/>
  <testcase name="LaunchWebsite" time="13.361" classname="bikeProduct.TwowheelerProductJourney"/>
  <testcase name="GetLiveQuotes" time="11.725" classname="bikeProduct.TwowheelerProductJourney"/>
  <testcase name="CustomerMobno" time="0.275" classname="bikeProduct.TwowheelerProductJourney"/>
  <testcase name="Registrationyear" time="2.389" classname="bikeProduct.TwowheelerProductJourney"/>
  <testcase name="QuotesBuyNow" time="81.234" classname="bikeProduct.TwowheelerProductJourney">
    <failure type="java.lang.AssertionError" message="expected [true] but found [false]">
      <![CDATA[java.lang.AssertionError: expected [true] but found [false]
	at org.testng.Assert.fail(Assert.java:94)
	at org.testng.Assert.failNotEquals(Assert.java:496)
	at org.testng.Assert.assertTrue(Assert.java:42)
	at org.testng.Assert.assertTrue(Assert.java:52)
	at bikeProduct.TwowheelerProductJourney.CustomerPopup(TwowheelerProductJourney.java:336)
	at bikeProduct.TwowheelerProductJourney.QuotesBuyNow(TwowheelerProductJourney.java:439)
	at sun.reflect.NativeMethodAccessorImpl.invoke0(Native Method)
	at sun.reflect.NativeMethodAccessorImpl.invoke(Unknown Source)
	at sun.reflect.DelegatingMethodAccessorImpl.invoke(Unknown Source)
	at java.lang.reflect.Method.invoke(Unknown Source)
	at org.testng.internal.MethodInvocationHelper.invokeMethod(MethodInvocationHelper.java:85)
	at org.testng.internal.Invoker.invokeMethod(Invoker.java:639)
	at org.testng.internal.Invoker.invokeTestMethod(Invoker.java:816)
	at org.testng.internal.Invoker.invokeTestMethods(Invoker.java:1124)
	at org.testng.internal.TestMethodWorker.invokeTestMethods(TestMethodWorker.java:125)
	at org.testng.internal.TestMethodWorker.run(TestMethodWorker.java:108)
	at org.testng.TestRunner.privateRun(TestRunner.java:774)
	at org.testng.TestRunner.run(TestRunner.java:624)
	at org.testng.SuiteRunner.runTest(SuiteRunner.java:359)
	at org.testng.SuiteRunner.runSequentially(SuiteRunner.java:354)
	at org.testng.SuiteRunner.privateRun(SuiteRunner.java:312)
	at org.testng.SuiteRunner.run(SuiteRunner.java:261)
	at org.testng.SuiteRunnerWorker.runSuite(SuiteRunnerWorker.java:52)
	at org.testng.SuiteRunnerWorker.run(SuiteRunnerWorker.java:86)
	at org.testng.TestNG.runSuitesSequentially(TestNG.java:1215)
	at org.testng.TestNG.runSuitesLocally(TestNG.java:1140)
	at org.testng.TestNG.run(TestNG.java:1048)
	at org.testng.remote.AbstractRemoteTestNG.run(AbstractRemoteTestNG.java:126)
	at org.testng.remote.RemoteTestNG.initAndRun(RemoteTestNG.java:152)
	at org.testng.remote.RemoteTestNG.main(RemoteTestNG.java:57)
]]>
    </failure>
  </testcase> <!-- QuotesBuyNow -->
  <testcase name="CustomerEmail" time="0.367" classname="bikeProduct.TwowheelerProductJourney"/>
  <testcase name="RTO" time="3.166" classname="bikeProduct.TwowheelerProductJourney"/>
  <testcase name="CustomerProceed" time="1.601" classname="bikeProduct.TwowheelerProductJourney"/>
  <testcase name="BikeModel" time="4.598" classname="bikeProduct.TwowheelerProductJourney"/>
  <testcase name="Lastclaim" time="1.392" classname="bikeProduct.TwowheelerProductJourney"/>
  <testcase name="BIkeDetail" time="1.276" classname="bikeProduct.TwowheelerProductJourney"/>
  <testcase name="PolicyExpireYear" time="2.351" classname="bikeProduct.TwowheelerProductJourney"/>
</testsuite> <!-- bikeProduct.TwowheelerProductJourney -->
